<?xml version="1.0" encoding="UTF-8"?>
<!-- Generated by org.testng.reporters.JUnitReportReporter -->
<testsuite hostname="admin-PC" name="Testbrowser" tests="1" failures="1" timestamp="6 Apr 2014 04:18:48 GMT" time="107.846" errors="0">
  <testcase name="testmethod" time="107.846" classname="Testbrowser">
    <failure type="org.openqa.selenium.WebDriverException" message="Failed to connect to binary FirefoxBinary(C:\Program Files\Mozilla Firefox 4.0 Beta 2\firefox.exe) on port 7055; process output follows: 
on has been upgraded
*** LOG addons.xpi: startup
*** LOG addons.xpi: Skipping unavailable install location app-system-local
*** LOG addons.xpi: Skipping unavailable install location app-system-share
*** LOG addons.xpi: Ignoring file entry whose name is not a valid add-on ID: C:\Users\admin\AppData\Local\Temp\anonymous169551283619951799webdriver-profile\extensions\webdriver-staging
*** LOG addons.xpi: checkForChanges
*** LOG addons.xpi-utils: Opening XPI database C:\Users\admin\AppData\Local\Temp\anonymous169551283619951799webdriver-profile\extensions.json
*** LOG addons.xpi: New add-on fxdriver@googlecode.com installed in app-profile
*** Blocklist::_loadBlocklistFromFile: blocklist is disabled
*** LOG addons.xpi-utils: Make addon app-profile:fxdriver@googlecode.com visible
*** LOG DeferredSave/extensions.json: Save changes
*** LOG DeferredSave/extensions.json: Save changes
*** LOG addons.xpi: New add-on mozilla_cc@internetdownloadmanager.com installed in winreg-app-user
*** LOG addons.xpi-utils: Make addon winreg-app-user:mozilla_cc@internetdownloadmanager.com visible
*** LOG DeferredSave/extensions.json: Save changes
*** LOG DeferredSave/extensions.json: Save changes
*** LOG addons.xpi: New add-on {82AF8DCA-6DE9-405D-BD5E-43525BDAD38A} installed in app-global
*** LOG addons.xpi-utils: Make addon app-global:{82AF8DCA-6DE9-405D-BD5E-43525BDAD38A} visible
*** LOG DeferredSave/extensions.json: Save changes
*** LOG DeferredSave/extensions.json: Save changes
*** LOG addons.xpi: Loading bootstrap scope from C:\Program Files\Mozilla Firefox 4.0 Beta 2\browser\extensions\{82AF8DCA-6DE9-405D-BD5E-43525BDAD38A}.xpi
*** LOG addons.xpi: Calling bootstrap method install on {82AF8DCA-6DE9-405D-BD5E-43525BDAD38A} version 7.1.15383.6004
*** LOG addons.xpi: New add-on {972ce4c6-7e08-4474-a285-3208198ce6fd} installed in app-global
*** LOG addons.xpi-utils: Make addon app-global:{972ce4c6-7e08-4474-a285-3208198ce6fd} visible
*** LOG DeferredSave/extensions.json: Save changes
*** LOG DeferredSave/extensions.json: Save changes
*** LOG addons.xpi: New add-on wrc@avast.com installed in winreg-app-global
*** LOG addons.xpi-utils: Make addon winreg-app-global:wrc@avast.com visible
*** LOG DeferredSave/extensions.json: Save changes
*** LOG DeferredSave/extensions.json: Save changes
*** LOG addons.xpi: Updating database with changes to installed add-ons
*** LOG addons.xpi-utils: Updating add-on states
*** LOG addons.xpi-utils: Writing add-ons list
*** LOG addons.xpi: Registering manifest for C:\Program Files\Mozilla Firefox 4.0 Beta 2\browser\extensions\{82AF8DCA-6DE9-405D-BD5E-43525BDAD38A}.xpi
*** LOG addons.xpi: Calling bootstrap method startup on {82AF8DCA-6DE9-405D-BD5E-43525BDAD38A} version 7.1.15383.6004
*** LOG DeferredSave/extensions.json: Starting timer
*** LOG DeferredSave/extensions.json: Starting write
*** LOG DeferredSave/extensions.json: Write succeeded
*** LOG addons.xpi-utils: XPI Database saved, setting schema version preference to 15
*** LOG addons.manager: shutdown
*** LOG addons.xpi: shutdown
*** LOG addons.xpi-utils: shutdown
*** LOG addons.xpi: Notifying XPI shutdown observers
*** LOG addons.manager: Async provider shutdown done
*** LOG addons.xpi: startup
*** LOG addons.xpi: Skipping unavailable install location app-system-local
*** LOG addons.xpi: Skipping unavailable install location app-system-share
*** LOG addons.xpi: Ignoring file entry whose name is not a valid add-on ID: C:\Users\admin\AppData\Local\Temp\anonymous169551283619951799webdriver-profile\extensions\webdriver-staging
*** LOG addons.xpi: checkForChanges
*** LOG addons.xpi: No changes found
*** LOG addons.xpi: Registering manifest for C:\Program Files\Mozilla Firefox 4.0 Beta 2\browser\extensions\{82AF8DCA-6DE9-405D-BD5E-43525BDAD38A}.xpi
*** LOG addons.xpi: Loading bootstrap scope from C:\Program Files\Mozilla Firefox 4.0 Beta 2\browser\extensions\{82AF8DCA-6DE9-405D-BD5E-43525BDAD38A}.xpi
*** LOG addons.xpi: Calling bootstrap method startup on {82AF8DCA-6DE9-405D-BD5E-43525BDAD38A} version 7.1.15383.6004

Build info: version: &#039;2.34.0&#039;, revision: &#039;11cd0ef&#039;, time: &#039;2013-08-06 17:10:22&#039;
System info: os.name: &#039;Windows 7&#039;, os.arch: &#039;x86&#039;, os.version: &#039;6.1&#039;, java.version: &#039;1.6.0_31&#039;
Driver info: driver.version: FirefoxDriver">
      <![CDATA[org.openqa.selenium.WebDriverException: Failed to connect to binary FirefoxBinary(C:\Program Files\Mozilla Firefox 4.0 Beta 2\firefox.exe) on port 7055; process output follows: 
on has been upgraded
*** LOG addons.xpi: startup
*** LOG addons.xpi: Skipping unavailable install location app-system-local
*** LOG addons.xpi: Skipping unavailable install location app-system-share
*** LOG addons.xpi: Ignoring file entry whose name is not a valid add-on ID: C:\Users\admin\AppData\Local\Temp\anonymous169551283619951799webdriver-profile\extensions\webdriver-staging
*** LOG addons.xpi: checkForChanges
*** LOG addons.xpi-utils: Opening XPI database C:\Users\admin\AppData\Local\Temp\anonymous169551283619951799webdriver-profile\extensions.json
*** LOG addons.xpi: New add-on fxdriver@googlecode.com installed in app-profile
*** Blocklist::_loadBlocklistFromFile: blocklist is disabled
*** LOG addons.xpi-utils: Make addon app-profile:fxdriver@googlecode.com visible
*** LOG DeferredSave/extensions.json: Save changes
*** LOG DeferredSave/extensions.json: Save changes
*** LOG addons.xpi: New add-on mozilla_cc@internetdownloadmanager.com installed in winreg-app-user
*** LOG addons.xpi-utils: Make addon winreg-app-user:mozilla_cc@internetdownloadmanager.com visible
*** LOG DeferredSave/extensions.json: Save changes
*** LOG DeferredSave/extensions.json: Save changes
*** LOG addons.xpi: New add-on {82AF8DCA-6DE9-405D-BD5E-43525BDAD38A} installed in app-global
*** LOG addons.xpi-utils: Make addon app-global:{82AF8DCA-6DE9-405D-BD5E-43525BDAD38A} visible
*** LOG DeferredSave/extensions.json: Save changes
*** LOG DeferredSave/extensions.json: Save changes
*** LOG addons.xpi: Loading bootstrap scope from C:\Program Files\Mozilla Firefox 4.0 Beta 2\browser\extensions\{82AF8DCA-6DE9-405D-BD5E-43525BDAD38A}.xpi
*** LOG addons.xpi: Calling bootstrap method install on {82AF8DCA-6DE9-405D-BD5E-43525BDAD38A} version 7.1.15383.6004
*** LOG addons.xpi: New add-on {972ce4c6-7e08-4474-a285-3208198ce6fd} installed in app-global
*** LOG addons.xpi-utils: Make addon app-global:{972ce4c6-7e08-4474-a285-3208198ce6fd} visible
*** LOG DeferredSave/extensions.json: Save changes
*** LOG DeferredSave/extensions.json: Save changes
*** LOG addons.xpi: New add-on wrc@avast.com installed in winreg-app-global
*** LOG addons.xpi-utils: Make addon winreg-app-global:wrc@avast.com visible
*** LOG DeferredSave/extensions.json: Save changes
*** LOG DeferredSave/extensions.json: Save changes
*** LOG addons.xpi: Updating database with changes to installed add-ons
*** LOG addons.xpi-utils: Updating add-on states
*** LOG addons.xpi-utils: Writing add-ons list
*** LOG addons.xpi: Registering manifest for C:\Program Files\Mozilla Firefox 4.0 Beta 2\browser\extensions\{82AF8DCA-6DE9-405D-BD5E-43525BDAD38A}.xpi
*** LOG addons.xpi: Calling bootstrap method startup on {82AF8DCA-6DE9-405D-BD5E-43525BDAD38A} version 7.1.15383.6004
*** LOG DeferredSave/extensions.json: Starting timer
*** LOG DeferredSave/extensions.json: Starting write
*** LOG DeferredSave/extensions.json: Write succeeded
*** LOG addons.xpi-utils: XPI Database saved, setting schema version preference to 15
*** LOG addons.manager: shutdown
*** LOG addons.xpi: shutdown
*** LOG addons.xpi-utils: shutdown
*** LOG addons.xpi: Notifying XPI shutdown observers
*** LOG addons.manager: Async provider shutdown done
*** LOG addons.xpi: startup
*** LOG addons.xpi: Skipping unavailable install location app-system-local
*** LOG addons.xpi: Skipping unavailable install location app-system-share
*** LOG addons.xpi: Ignoring file entry whose name is not a valid add-on ID: C:\Users\admin\AppData\Local\Temp\anonymous169551283619951799webdriver-profile\extensions\webdriver-staging
*** LOG addons.xpi: checkForChanges
*** LOG addons.xpi: No changes found
*** LOG addons.xpi: Registering manifest for C:\Program Files\Mozilla Firefox 4.0 Beta 2\browser\extensions\{82AF8DCA-6DE9-405D-BD5E-43525BDAD38A}.xpi
*** LOG addons.xpi: Loading bootstrap scope from C:\Program Files\Mozilla Firefox 4.0 Beta 2\browser\extensions\{82AF8DCA-6DE9-405D-BD5E-43525BDAD38A}.xpi
*** LOG addons.xpi: Calling bootstrap method startup on {82AF8DCA-6DE9-405D-BD5E-43525BDAD38A} version 7.1.15383.6004

Build info: version: '2.34.0', revision: '11cd0ef', time: '2013-08-06 17:10:22'
System info: os.name: 'Windows 7', os.arch: 'x86', os.version: '6.1', java.version: '1.6.0_31'
Driver info: driver.version: FirefoxDriver
	at org.openqa.selenium.firefox.internal.NewProfileExtensionConnection.start(NewProfileExtensionConnection.java:118)
	at org.openqa.selenium.firefox.FirefoxDriver.startClient(FirefoxDriver.java:251)
	at org.openqa.selenium.remote.RemoteWebDriver.<init>(RemoteWebDriver.java:110)
	at org.openqa.selenium.firefox.FirefoxDriver.<init>(FirefoxDriver.java:197)
	at org.openqa.selenium.firefox.FirefoxDriver.<init>(FirefoxDriver.java:190)
	at org.openqa.selenium.firefox.FirefoxDriver.<init>(FirefoxDriver.java:186)
	at org.openqa.selenium.firefox.FirefoxDriver.<init>(FirefoxDriver.java:99)
	at Testbrowser.testmethod(Testbrowser.java:14)
	at sun.reflect.NativeMethodAccessorImpl.invoke0(Native Method)
	at sun.reflect.NativeMethodAccessorImpl.invoke(Unknown Source)
	at sun.reflect.DelegatingMethodAccessorImpl.invoke(Unknown Source)
	at java.lang.reflect.Method.invoke(Unknown Source)
	at org.testng.internal.MethodInvocationHelper.invokeMethod(MethodInvocationHelper.java:84)
	at org.testng.internal.Invoker.invokeMethod(Invoker.java:714)
	at org.testng.internal.Invoker.invokeTestMethod(Invoker.java:901)
	at org.testng.internal.Invoker.invokeTestMethods(Invoker.java:1231)
	at org.testng.internal.TestMethodWorker.invokeTestMethods(TestMethodWorker.java:127)
	at org.testng.internal.TestMethodWorker.run(TestMethodWorker.java:111)
	at org.testng.TestRunner.privateRun(TestRunner.java:767)
	at org.testng.TestRunner.run(TestRunner.java:617)
	at org.testng.SuiteRunner.runTest(SuiteRunner.java:334)
	at org.testng.SuiteRunner.runSequentially(SuiteRunner.java:329)
	at org.testng.SuiteRunner.privateRun(SuiteRunner.java:291)
	at org.testng.SuiteRunner.run(SuiteRunner.java:240)
	at org.testng.SuiteRunnerWorker.runSuite(SuiteRunnerWorker.java:52)
	at org.testng.SuiteRunnerWorker.run(SuiteRunnerWorker.java:86)
	at org.testng.TestNG.runSuitesSequentially(TestNG.java:1224)
	at org.testng.TestNG.runSuitesLocally(TestNG.java:1149)
	at org.testng.TestNG.run(TestNG.java:1057)
	at org.testng.remote.RemoteTestNG.run(RemoteTestNG.java:111)
	at org.testng.remote.RemoteTestNG.initAndRun(RemoteTestNG.java:204)
	at org.testng.remote.RemoteTestNG.main(RemoteTestNG.java:175)
Caused by: org.openqa.selenium.firefox.NotConnectedException: Unable to connect to host 127.0.0.1 on port 7055 after 45000 ms. Firefox console output:
on has been upgraded
*** LOG addons.xpi: startup
*** LOG addons.xpi: Skipping unavailable install location app-system-local
*** LOG addons.xpi: Skipping unavailable install location app-system-share
*** LOG addons.xpi: Ignoring file entry whose name is not a valid add-on ID: C:\Users\admin\AppData\Local\Temp\anonymous169551283619951799webdriver-profile\extensions\webdriver-staging
*** LOG addons.xpi: checkForChanges
*** LOG addons.xpi-utils: Opening XPI database C:\Users\admin\AppData\Local\Temp\anonymous169551283619951799webdriver-profile\extensions.json
*** LOG addons.xpi: New add-on fxdriver@googlecode.com installed in app-profile
*** Blocklist::_loadBlocklistFromFile: blocklist is disabled
*** LOG addons.xpi-utils: Make addon app-profile:fxdriver@googlecode.com visible
*** LOG DeferredSave/extensions.json: Save changes
*** LOG DeferredSave/extensions.json: Save changes
*** LOG addons.xpi: New add-on mozilla_cc@internetdownloadmanager.com installed in winreg-app-user
*** LOG addons.xpi-utils: Make addon winreg-app-user:mozilla_cc@internetdownloadmanager.com visible
*** LOG DeferredSave/extensions.json: Save changes
*** LOG DeferredSave/extensions.json: Save changes
*** LOG addons.xpi: New add-on {82AF8DCA-6DE9-405D-BD5E-43525BDAD38A} installed in app-global
*** LOG addons.xpi-utils: Make addon app-global:{82AF8DCA-6DE9-405D-BD5E-43525BDAD38A} visible
*** LOG DeferredSave/extensions.json: Save changes
*** LOG DeferredSave/extensions.json: Save changes
*** LOG addons.xpi: Loading bootstrap scope from C:\Program Files\Mozilla Firefox 4.0 Beta 2\browser\extensions\{82AF8DCA-6DE9-405D-BD5E-43525BDAD38A}.xpi
*** LOG addons.xpi: Calling bootstrap method install on {82AF8DCA-6DE9-405D-BD5E-43525BDAD38A} version 7.1.15383.6004
*** LOG addons.xpi: New add-on {972ce4c6-7e08-4474-a285-3208198ce6fd} installed in app-global
*** LOG addons.xpi-utils: Make addon app-global:{972ce4c6-7e08-4474-a285-3208198ce6fd} visible
*** LOG DeferredSave/extensions.json: Save changes
*** LOG DeferredSave/extensions.json: Save changes
*** LOG addons.xpi: New add-on wrc@avast.com installed in winreg-app-global
*** LOG addons.xpi-utils: Make addon winreg-app-global:wrc@avast.com visible
*** LOG DeferredSave/extensions.json: Save changes
*** LOG DeferredSave/extensions.json: Save changes
*** LOG addons.xpi: Updating database with changes to installed add-ons
*** LOG addons.xpi-utils: Updating add-on states
*** LOG addons.xpi-utils: Writing add-ons list
*** LOG addons.xpi: Registering manifest for C:\Program Files\Mozilla Firefox 4.0 Beta 2\browser\extensions\{82AF8DCA-6DE9-405D-BD5E-43525BDAD38A}.xpi
*** LOG addons.xpi: Calling bootstrap method startup on {82AF8DCA-6DE9-405D-BD5E-43525BDAD38A} version 7.1.15383.6004
*** LOG DeferredSave/extensions.json: Starting timer
*** LOG DeferredSave/extensions.json: Starting write
*** LOG DeferredSave/extensions.json: Write succeeded
*** LOG addons.xpi-utils: XPI Database saved, setting schema version preference to 15
*** LOG addons.manager: shutdown
*** LOG addons.xpi: shutdown
*** LOG addons.xpi-utils: shutdown
*** LOG addons.xpi: Notifying XPI shutdown observers
*** LOG addons.manager: Async provider shutdown done
*** LOG addons.xpi: startup
*** LOG addons.xpi: Skipping unavailable install location app-system-local
*** LOG addons.xpi: Skipping unavailable install location app-system-share
*** LOG addons.xpi: Ignoring file entry whose name is not a valid add-on ID: C:\Users\admin\AppData\Local\Temp\anonymous169551283619951799webdriver-profile\extensions\webdriver-staging
*** LOG addons.xpi: checkForChanges
*** LOG addons.xpi: No changes found
*** LOG addons.xpi: Registering manifest for C:\Program Files\Mozilla Firefox 4.0 Beta 2\browser\extensions\{82AF8DCA-6DE9-405D-BD5E-43525BDAD38A}.xpi
*** LOG addons.xpi: Loading bootstrap scope from C:\Program Files\Mozilla Firefox 4.0 Beta 2\browser\extensions\{82AF8DCA-6DE9-405D-BD5E-43525BDAD38A}.xpi
*** LOG addons.xpi: Calling bootstrap method startup on {82AF8DCA-6DE9-405D-BD5E-43525BDAD38A} version 7.1.15383.6004

	at org.openqa.selenium.firefox.internal.NewProfileExtensionConnection.start(NewProfileExtensionConnection.java:106)
	... 31 more
]]>
    </failure>
  </testcase> <!-- testmethod -->
</testsuite> <!-- Testbrowser -->
