<?xml version="1.0" encoding="UTF-8"?>
<!-- Generated by org.testng.reporters.JUnitReportReporter -->
<testsuite hostname="admin-PC" name="Browser.Browser.ScreenTest" tests="2" failures="0" timestamp="18 Nov 2014 11:06:08 GMT" time="0.016" errors="0">
  <testcase name="f" time="0.000" classname="Browser.Browser.ScreenTest"/>
  <testcase name="f" time="0.016" classname="Browser.Browser.ScreenTest"/>
</testsuite> <!-- Browser.Browser.ScreenTest -->
