<?xml version="1.0" encoding="UTF-8"?>
<!-- Generated by org.testng.reporters.JUnitReportReporter -->
<testsuite hostname="admin-PC" name="Test.Chrome" tests="1" failures="0" timestamp="27 Oct 2014 19:57:21 GMT" time="21.775" errors="0">
  <testcase name="f" time="21.775" classname="Test.Chrome"/>
</testsuite> <!-- Test.Chrome -->
